<?xml version="1.0" encoding="UTF-8"?>
<!-- Generated by org.testng.reporters.JUnitReportReporter -->
<testsuite hostname="INL-HBZYN93" failures="0" tests="2" name="stepdefinitions.myStepdefs" time="0.062" errors="0" timestamp="2023-08-17T22:41:29 IST" skipped="0">
  <testcase classname="stepdefinitions.myStepdefs" name="test2" time="0.005"/>
  <testcase classname="stepdefinitions.myStepdefs" name="test1" time="0.057"/>
</testsuite> <!-- stepdefinitions.myStepdefs -->
